d:\github\dnp3\windows\dotnetadapter\debug\dotnetadapter.pch
d:\github\dnp3\windows\dotnetadapter\debug\vc140.pdb
d:\github\dnp3\windows\dotnetadapter\debug\stdafx.obj
d:\github\dnp3\windows\dotnetadapter\debug\stackmanager.obj
d:\github\dnp3\windows\dotnetadapter\debug\slavedataobserveradapter.obj
d:\github\dnp3\windows\dotnetadapter\debug\slavecommandacceptoradapter.obj
d:\github\dnp3\windows\dotnetadapter\debug\masterdataobserveradapter.obj
d:\github\dnp3\windows\dotnetadapter\debug\logadapter.obj
d:\github\dnp3\windows\dotnetadapter\debug\conversions.obj
d:\github\dnp3\windows\dotnetadapter\debug\commandacceptoradapter.obj
d:\github\dnp3\windows\dotnetadapter\debug\assemblyinfo.obj
d:\github\dnp3\windows\dotnetadapter\debug\.netframework,version=v4.5.assemblyattributes.obj
d:\github\dnp3\windows\dotnetadapter\debug\.netframework,version=v4.5.assemblyattributes.asm
d:\github\dnp3\windows\dotnetadapter\dotnetadapter\debug\dotnetinterface.dll
d:\github\dnp3\windows\dotnetadapter\dotnetadapter\debug\dotnetinterface.pdb
d:\github\dnp3\windows\dotnetadapter\debug\dotnetadapter.tlog\metagen.write.1.tlog
d:\github\dnp3\windows\dotnetadapter\debug\app.res
d:\github\dnp3\windows\dotnetadapter\debug\dotnetadapter.vcxprojresolveassemblyreference.cache
d:\github\dnp3\windows\dotnetadapter\debug\dotnetadapter.tlog\cl.command.1.tlog
d:\github\dnp3\windows\dotnetadapter\debug\dotnetadapter.tlog\cl.read.1.tlog
d:\github\dnp3\windows\dotnetadapter\debug\dotnetadapter.tlog\cl.write.1.tlog
d:\github\dnp3\windows\dotnetadapter\debug\dotnetadapter.tlog\dotnetadapter.write.1u.tlog
d:\github\dnp3\windows\dotnetadapter\debug\dotnetadapter.tlog\link.6684-cvtres.read.1.tlog
d:\github\dnp3\windows\dotnetadapter\debug\dotnetadapter.tlog\link.6684-cvtres.write.1.tlog
d:\github\dnp3\windows\dotnetadapter\debug\dotnetadapter.tlog\link.6684-rc.read.1.tlog
d:\github\dnp3\windows\dotnetadapter\debug\dotnetadapter.tlog\link.6684-rc.write.1.tlog
d:\github\dnp3\windows\dotnetadapter\debug\dotnetadapter.tlog\link.6684.read.1.tlog
d:\github\dnp3\windows\dotnetadapter\debug\dotnetadapter.tlog\link.6684.write.1.tlog
d:\github\dnp3\windows\dotnetadapter\debug\dotnetadapter.tlog\link.command.1.tlog
d:\github\dnp3\windows\dotnetadapter\debug\dotnetadapter.tlog\link.read.1.tlog
d:\github\dnp3\windows\dotnetadapter\debug\dotnetadapter.tlog\link.write.1.tlog
d:\github\dnp3\windows\dotnetadapter\debug\dotnetadapter.tlog\metagen.read.1.tlog
d:\github\dnp3\windows\dotnetadapter\debug\dotnetadapter.tlog\rc.command.1.tlog
d:\github\dnp3\windows\dotnetadapter\debug\dotnetadapter.tlog\rc.read.1.tlog
d:\github\dnp3\windows\dotnetadapter\debug\dotnetadapter.tlog\rc.write.1.tlog
d:\github\dnp3\windows\dotnetadapter\debug\dotnetadapter.tlog\dotnetinterface.dll.metagen
d:\github\dnp3\windows\dotnetadapter\debug\dotnetadapter.tlog\tzres.dll.bi
