D:\582\DNP3-MASTER\VSTUDIO10\SLAVEDEMO\DEBUG\DEMOMAIN.OBJ
D:\582\DNP3-MASTER\VSTUDIO10\SLAVEDEMO\DEBUG\SLAVEDEMO.OBJ
D:\582\DNP3-MASTER\VSTUDIO10\SLAVEDEMO\DEBUG\VC110.PDB
D:\582\DNP3-MASTER\VSTUDIO10\SLAVEDEMO\DEBUG\SLAVEDEMO.ILK
D:\582\DNP3-MASTER\VSTUDIO10\SLAVEDEMO\DEBUG\SLAVEDEMO.EXE
D:\582\DNP3-MASTER\VSTUDIO10\SLAVEDEMO\DEBUG\SLAVEDEMO.PDB
D:\582\dnp3-master\vstudio10\SlaveDemo\Debug\SlaveDemo.vcxprojResolveAssemblyReference.cache
D:\582\dnp3-master\vstudio10\SlaveDemo\Debug\DemoMain.obj
D:\582\dnp3-master\vstudio10\SlaveDemo\Debug\SlaveDemo.obj
D:\582\dnp3-master\vstudio10\SlaveDemo\Debug\SlaveDemo.ilk
D:\582\dnp3-master\vstudio10\SlaveDemo\Debug\cl.command.1.tlog
D:\582\dnp3-master\vstudio10\SlaveDemo\Debug\CL.read.1.tlog
D:\582\dnp3-master\vstudio10\SlaveDemo\Debug\CL.write.1.tlog
D:\582\dnp3-master\vstudio10\SlaveDemo\Debug\link-cvtres.read.1.tlog
D:\582\dnp3-master\vstudio10\SlaveDemo\Debug\link-cvtres.write.1.tlog
D:\582\dnp3-master\vstudio10\SlaveDemo\Debug\link-rc.read.1.tlog
D:\582\dnp3-master\vstudio10\SlaveDemo\Debug\link-rc.write.1.tlog
D:\582\dnp3-master\vstudio10\SlaveDemo\Debug\link.13932-cvtres.read.1.tlog
D:\582\dnp3-master\vstudio10\SlaveDemo\Debug\link.13932-cvtres.write.1.tlog
D:\582\dnp3-master\vstudio10\SlaveDemo\Debug\link.13932-rc.read.1.tlog
D:\582\dnp3-master\vstudio10\SlaveDemo\Debug\link.13932-rc.write.1.tlog
D:\582\dnp3-master\vstudio10\SlaveDemo\Debug\link.13932.read.1.tlog
D:\582\dnp3-master\vstudio10\SlaveDemo\Debug\link.13932.write.1.tlog
D:\582\dnp3-master\vstudio10\SlaveDemo\Debug\link.1792-cvtres.read.1.tlog
D:\582\dnp3-master\vstudio10\SlaveDemo\Debug\link.1792-cvtres.write.1.tlog
D:\582\dnp3-master\vstudio10\SlaveDemo\Debug\link.1792-rc.read.1.tlog
D:\582\dnp3-master\vstudio10\SlaveDemo\Debug\link.1792-rc.write.1.tlog
D:\582\dnp3-master\vstudio10\SlaveDemo\Debug\link.1792.read.1.tlog
D:\582\dnp3-master\vstudio10\SlaveDemo\Debug\link.1792.write.1.tlog
D:\582\dnp3-master\vstudio10\SlaveDemo\Debug\link.1820-cvtres.read.1.tlog
D:\582\dnp3-master\vstudio10\SlaveDemo\Debug\link.1820-cvtres.write.1.tlog
D:\582\dnp3-master\vstudio10\SlaveDemo\Debug\link.1820-rc.read.1.tlog
D:\582\dnp3-master\vstudio10\SlaveDemo\Debug\link.1820-rc.write.1.tlog
D:\582\dnp3-master\vstudio10\SlaveDemo\Debug\link.1820.read.1.tlog
D:\582\dnp3-master\vstudio10\SlaveDemo\Debug\link.1820.write.1.tlog
D:\582\dnp3-master\vstudio10\SlaveDemo\Debug\link.command.1.tlog
D:\582\dnp3-master\vstudio10\SlaveDemo\Debug\link.read.1.tlog
D:\582\dnp3-master\vstudio10\SlaveDemo\Debug\link.write.1.tlog
D:\582\dnp3-master\vstudio10\SlaveDemo\Debug\vc110.idb
D:\582\dnp3-master\vstudio10\SlaveDemo\Debug\SlaveDemo.pdb
D:\582\dnp3-master\vstudio10\SlaveDemo\Debug\vc110.pdb
D:\582\dnp3-master\vstudio10\SlaveDemo\Debug\SlaveDemo.exe
