D:\582\DNP3-MASTER\VSTUDIO10\APLXML\DEBUG\PHYSICALLAYERMANAGERXML.OBJ
D:\582\DNP3-MASTER\VSTUDIO10\APLXML\DEBUG\PHYSICALLAYERXMLFACTORY.OBJ
D:\582\DNP3-MASTER\VSTUDIO10\APLXML\DEBUG\TINYBINDING.OBJ
D:\582\DNP3-MASTER\VSTUDIO10\APLXML\DEBUG\XML_APL.OBJ
D:\582\DNP3-MASTER\VSTUDIO10\APLXML\DEBUG\XMLCONVERSION.OBJ
D:\582\DNP3-MASTER\VSTUDIO10\APLXML\DEBUG\VC110.PDB
D:\582\DNP3-MASTER\VSTUDIO10\APLXML\DEBUG\APLXML.LIB
D:\582\dnp3-master\vstudio10\APLXML\Debug\PhysicalLayerManagerXML.obj
D:\582\dnp3-master\vstudio10\APLXML\Debug\PhysicalLayerXMLFactory.obj
D:\582\dnp3-master\vstudio10\APLXML\Debug\tinybinding.obj
D:\582\dnp3-master\vstudio10\APLXML\Debug\XMLConversion.obj
D:\582\dnp3-master\vstudio10\APLXML\Debug\XML_APL.obj
D:\582\dnp3-master\vstudio10\APLXML\Debug\cl.command.1.tlog
D:\582\dnp3-master\vstudio10\APLXML\Debug\CL.read.1.tlog
D:\582\dnp3-master\vstudio10\APLXML\Debug\CL.write.1.tlog
D:\582\dnp3-master\vstudio10\APLXML\Debug\Lib-link.read.1.tlog
D:\582\dnp3-master\vstudio10\APLXML\Debug\Lib-link.write.1.tlog
D:\582\dnp3-master\vstudio10\APLXML\Debug\lib.command.1.tlog
D:\582\dnp3-master\vstudio10\APLXML\Debug\vc110.idb
D:\582\dnp3-master\vstudio10\APLXML\Debug\vc110.pdb
D:\582\dnp3-master\vstudio10\APLXML\Debug\APLXML.lib
