  QualityConverter.cpp
  MultiplexingDataObserver.cpp
  FlexibleDataObserver.cpp
  CommandTypes.cpp
  CommandResponseQueue.cpp
  CommandQueue.cpp
  CommandManager.cpp
  BaseDataTypes.cpp
  TrackingTaskGroup.cpp
  AsyncTaskScheduler.cpp
  AsyncTaskPeriodic.cpp
  AsyncTaskNonPeriodic.cpp
  AsyncTaskGroup.cpp
  AsyncTaskContinuous.cpp
  AsyncTaskBase.cpp
  TimerSourceASIO.cpp
  TimerASIO.cpp
  SuspendTimerSource.cpp
  PostingNotifierSource.cpp
  PostingNotifier.cpp
  Generating Code...
  Compiling...
  ITimerSource.cpp
  AsyncResult.cpp
  CRC.cpp
  ShiftableBuffer.cpp
  RandomizedBuffer.cpp
  CopyableBuffer.cpp
  AsyncLayerInterfaces.cpp
  PackingUnpacking.cpp
  ToHex.cpp
  ProtocolUtil.cpp
  LowerLayerToPhysAdapter.cpp
  TimingTools.cpp
  TimeSource.cpp
  Timeout.cpp
  TimeBoost.cpp
  TimeBase.cpp
  Util.cpp
  Parsing.cpp
  Exception.cpp
  LockBoost.cpp
  Generating Code...
  Compiling...
  LockBase.cpp
  EventLock.cpp
  ThreadBoost.cpp
  ThreadBase.cpp
  Threadable.cpp
  IOServiceThread.cpp
  MetricBuffer.cpp
  LogTypes.cpp
  LogToStdio.cpp
  LogToFile.cpp
  Logger.cpp
  Loggable.cpp
  LogEntryCircularBuffer.cpp
  LogEntry.cpp
  Log.cpp
  PhysicalLayerStates.cpp
  PhysicalLayerMonitorStates.cpp
  PhysicalLayerMonitor.cpp
  PhysicalLayerAsyncTCPServer.cpp
  PhysicalLayerAsyncTCPClient.cpp
  Generating Code...
  Compiling...
  PhysicalLayerAsyncBaseTCP.cpp
  PhysicalLayerAsyncSerial.cpp
  ASIOSerialHelpers.cpp
  PhysicalLayerFactory.cpp
  PhysicalLayerAsyncBase.cpp
  IOService.cpp
  IHandlerAsync.cpp
  PhysLoopback.cpp
  PhysicalLayerMap.cpp
  PhysicalLayerManager.cpp
  PhysicalLayerInstance.cpp
  Generating Code...
  APL.vcxproj -> D:\GitHub\dnp3\vstudio10\APL\Debug\APL.lib
