d:\github\dnp3\vstudio10\apl\debug\apl.pdb
d:\github\dnp3\vstudio10\apl\debug\apl.idb
d:\github\dnp3\vstudio10\apl\debug\postingnotifier.obj
d:\github\dnp3\vstudio10\apl\debug\postingnotifiersource.obj
d:\github\dnp3\vstudio10\apl\debug\suspendtimersource.obj
d:\github\dnp3\vstudio10\apl\debug\timerasio.obj
d:\github\dnp3\vstudio10\apl\debug\timersourceasio.obj
d:\github\dnp3\vstudio10\apl\debug\asynctaskbase.obj
d:\github\dnp3\vstudio10\apl\debug\asynctaskcontinuous.obj
d:\github\dnp3\vstudio10\apl\debug\asynctaskgroup.obj
d:\github\dnp3\vstudio10\apl\debug\asynctasknonperiodic.obj
d:\github\dnp3\vstudio10\apl\debug\asynctaskperiodic.obj
d:\github\dnp3\vstudio10\apl\debug\asynctaskscheduler.obj
d:\github\dnp3\vstudio10\apl\debug\trackingtaskgroup.obj
d:\github\dnp3\vstudio10\apl\debug\basedatatypes.obj
d:\github\dnp3\vstudio10\apl\debug\commandmanager.obj
d:\github\dnp3\vstudio10\apl\debug\commandqueue.obj
d:\github\dnp3\vstudio10\apl\debug\commandresponsequeue.obj
d:\github\dnp3\vstudio10\apl\debug\commandtypes.obj
d:\github\dnp3\vstudio10\apl\debug\flexibledataobserver.obj
d:\github\dnp3\vstudio10\apl\debug\multiplexingdataobserver.obj
d:\github\dnp3\vstudio10\apl\debug\qualityconverter.obj
d:\github\dnp3\vstudio10\apl\debug\lockboost.obj
d:\github\dnp3\vstudio10\apl\debug\exception.obj
d:\github\dnp3\vstudio10\apl\debug\parsing.obj
d:\github\dnp3\vstudio10\apl\debug\util.obj
d:\github\dnp3\vstudio10\apl\debug\timebase.obj
d:\github\dnp3\vstudio10\apl\debug\timeboost.obj
d:\github\dnp3\vstudio10\apl\debug\timeout.obj
d:\github\dnp3\vstudio10\apl\debug\timesource.obj
d:\github\dnp3\vstudio10\apl\debug\timingtools.obj
d:\github\dnp3\vstudio10\apl\debug\lowerlayertophysadapter.obj
d:\github\dnp3\vstudio10\apl\debug\protocolutil.obj
d:\github\dnp3\vstudio10\apl\debug\tohex.obj
d:\github\dnp3\vstudio10\apl\debug\packingunpacking.obj
d:\github\dnp3\vstudio10\apl\debug\asynclayerinterfaces.obj
d:\github\dnp3\vstudio10\apl\debug\copyablebuffer.obj
d:\github\dnp3\vstudio10\apl\debug\randomizedbuffer.obj
d:\github\dnp3\vstudio10\apl\debug\shiftablebuffer.obj
d:\github\dnp3\vstudio10\apl\debug\crc.obj
d:\github\dnp3\vstudio10\apl\debug\asyncresult.obj
d:\github\dnp3\vstudio10\apl\debug\itimersource.obj
d:\github\dnp3\vstudio10\apl\debug\physicallayerasynctcpclient.obj
d:\github\dnp3\vstudio10\apl\debug\physicallayerasynctcpserver.obj
d:\github\dnp3\vstudio10\apl\debug\physicallayermonitor.obj
d:\github\dnp3\vstudio10\apl\debug\physicallayermonitorstates.obj
d:\github\dnp3\vstudio10\apl\debug\physicallayerstates.obj
d:\github\dnp3\vstudio10\apl\debug\log.obj
d:\github\dnp3\vstudio10\apl\debug\logentry.obj
d:\github\dnp3\vstudio10\apl\debug\logentrycircularbuffer.obj
d:\github\dnp3\vstudio10\apl\debug\loggable.obj
d:\github\dnp3\vstudio10\apl\debug\logger.obj
d:\github\dnp3\vstudio10\apl\debug\logtofile.obj
d:\github\dnp3\vstudio10\apl\debug\logtostdio.obj
d:\github\dnp3\vstudio10\apl\debug\logtypes.obj
d:\github\dnp3\vstudio10\apl\debug\metricbuffer.obj
d:\github\dnp3\vstudio10\apl\debug\ioservicethread.obj
d:\github\dnp3\vstudio10\apl\debug\threadable.obj
d:\github\dnp3\vstudio10\apl\debug\threadbase.obj
d:\github\dnp3\vstudio10\apl\debug\threadboost.obj
d:\github\dnp3\vstudio10\apl\debug\eventlock.obj
d:\github\dnp3\vstudio10\apl\debug\lockbase.obj
d:\github\dnp3\vstudio10\apl\debug\physicallayerinstance.obj
d:\github\dnp3\vstudio10\apl\debug\physicallayermanager.obj
d:\github\dnp3\vstudio10\apl\debug\physicallayermap.obj
d:\github\dnp3\vstudio10\apl\debug\physloopback.obj
d:\github\dnp3\vstudio10\apl\debug\ihandlerasync.obj
d:\github\dnp3\vstudio10\apl\debug\ioservice.obj
d:\github\dnp3\vstudio10\apl\debug\physicallayerasyncbase.obj
d:\github\dnp3\vstudio10\apl\debug\physicallayerfactory.obj
d:\github\dnp3\vstudio10\apl\debug\asioserialhelpers.obj
d:\github\dnp3\vstudio10\apl\debug\physicallayerasyncserial.obj
d:\github\dnp3\vstudio10\apl\debug\physicallayerasyncbasetcp.obj
d:\github\dnp3\vstudio10\apl\debug\apl.lib
d:\github\dnp3\vstudio10\apl\debug\apl.tlog\cl.command.1.tlog
d:\github\dnp3\vstudio10\apl\debug\apl.tlog\cl.read.1.tlog
d:\github\dnp3\vstudio10\apl\debug\apl.tlog\cl.write.1.tlog
d:\github\dnp3\vstudio10\apl\debug\apl.tlog\lib-link.read.1.tlog
d:\github\dnp3\vstudio10\apl\debug\apl.tlog\lib-link.write.1.tlog
d:\github\dnp3\vstudio10\apl\debug\apl.tlog\lib.command.1.tlog
