D:\582\DNP3-MASTER\VSTUDIO10\TERMINAL\DEBUG\LINEREADER.OBJ
D:\582\DNP3-MASTER\VSTUDIO10\TERMINAL\DEBUG\TERMINAL.OBJ
D:\582\DNP3-MASTER\VSTUDIO10\TERMINAL\DEBUG\TERMINALINTERFACES.OBJ
D:\582\DNP3-MASTER\VSTUDIO10\TERMINAL\DEBUG\PHYSICALLAYERIOSTREAMASYNC.OBJ
D:\582\DNP3-MASTER\VSTUDIO10\TERMINAL\DEBUG\PHYSICALLAYERSYNCPROXY.OBJ
D:\582\DNP3-MASTER\VSTUDIO10\TERMINAL\DEBUG\CONTROLRESPONSETE.OBJ
D:\582\DNP3-MASTER\VSTUDIO10\TERMINAL\DEBUG\CONTROLTERMINALEXTENSION.OBJ
D:\582\DNP3-MASTER\VSTUDIO10\TERMINAL\DEBUG\DOTERMINALEXTENSION.OBJ
D:\582\DNP3-MASTER\VSTUDIO10\TERMINAL\DEBUG\FLEXIBLEOBSERVERTERMINALEXTENSION.OBJ
D:\582\DNP3-MASTER\VSTUDIO10\TERMINAL\DEBUG\LOGTERMINALEXTENSION.OBJ
D:\582\DNP3-MASTER\VSTUDIO10\TERMINAL\DEBUG\VC110.PDB
D:\582\DNP3-MASTER\VSTUDIO10\TERMINAL\DEBUG\TERMINAL.LIB
D:\582\dnp3-master\vstudio10\Terminal\Debug\ControlResponseTE.obj
D:\582\dnp3-master\vstudio10\Terminal\Debug\ControlTerminalExtension.obj
D:\582\dnp3-master\vstudio10\Terminal\Debug\DOTerminalExtension.obj
D:\582\dnp3-master\vstudio10\Terminal\Debug\FlexibleObserverTerminalExtension.obj
D:\582\dnp3-master\vstudio10\Terminal\Debug\LineReader.obj
D:\582\dnp3-master\vstudio10\Terminal\Debug\LogTerminalExtension.obj
D:\582\dnp3-master\vstudio10\Terminal\Debug\PhysicalLayerIOStreamAsync.obj
D:\582\dnp3-master\vstudio10\Terminal\Debug\PhysicalLayerSyncProxy.obj
D:\582\dnp3-master\vstudio10\Terminal\Debug\Terminal.obj
D:\582\dnp3-master\vstudio10\Terminal\Debug\TerminalInterfaces.obj
D:\582\dnp3-master\vstudio10\Terminal\Debug\cl.command.1.tlog
D:\582\dnp3-master\vstudio10\Terminal\Debug\CL.read.1.tlog
D:\582\dnp3-master\vstudio10\Terminal\Debug\CL.write.1.tlog
D:\582\dnp3-master\vstudio10\Terminal\Debug\Lib-link.read.1.tlog
D:\582\dnp3-master\vstudio10\Terminal\Debug\Lib-link.write.1.tlog
D:\582\dnp3-master\vstudio10\Terminal\Debug\lib.command.1.tlog
D:\582\dnp3-master\vstudio10\Terminal\Debug\vc110.idb
D:\582\dnp3-master\vstudio10\Terminal\Debug\vc110.pdb
D:\582\dnp3-master\vstudio10\Terminal\Debug\Terminal.lib
