d:\github\dnp3\vstudio10\dnp3\debug\dnp3.pdb
d:\github\dnp3\vstudio10\dnp3\debug\dnp3.idb
d:\github\dnp3\vstudio10\dnp3\debug\vtorouter.obj
d:\github\dnp3\vstudio10\dnp3\debug\vtoroutermanager.obj
d:\github\dnp3\vstudio10\dnp3\debug\vtoroutersettings.obj
d:\github\dnp3\vstudio10\dnp3\debug\vtowriter.obj
d:\github\dnp3\vstudio10\dnp3\debug\appinterfaces.obj
d:\github\dnp3\vstudio10\dnp3\debug\applayer.obj
d:\github\dnp3\vstudio10\dnp3\debug\apdu.obj
d:\github\dnp3\vstudio10\dnp3\debug\apduconstants.obj
d:\github\dnp3\vstudio10\dnp3\debug\appheader.obj
d:\github\dnp3\vstudio10\dnp3\debug\objectheader.obj
d:\github\dnp3\vstudio10\dnp3\debug\objectinterfaces.obj
d:\github\dnp3\vstudio10\dnp3\debug\objects.obj
d:\github\dnp3\vstudio10\dnp3\debug\headerreaditerator.obj
d:\github\dnp3\vstudio10\dnp3\debug\indexedwriteiterator.obj
d:\github\dnp3\vstudio10\dnp3\debug\objectreaditerator.obj
d:\github\dnp3\vstudio10\dnp3\debug\objectwriteiterator.obj
d:\github\dnp3\vstudio10\dnp3\debug\appchannelstates.obj
d:\github\dnp3\vstudio10\dnp3\debug\applayerchannel.obj
d:\github\dnp3\vstudio10\dnp3\debug\solicitedchannel.obj
d:\github\dnp3\vstudio10\dnp3\debug\unsolicitedchannel.obj
d:\github\dnp3\vstudio10\dnp3\debug\responseloader.obj
d:\github\dnp3\vstudio10\dnp3\debug\controltasks.obj
d:\github\dnp3\vstudio10\dnp3\debug\datapoll.obj
d:\github\dnp3\vstudio10\dnp3\debug\mastertaskbase.obj
d:\github\dnp3\vstudio10\dnp3\debug\startuptasks.obj
d:\github\dnp3\vstudio10\dnp3\debug\vtotransmittask.obj
d:\github\dnp3\vstudio10\dnp3\debug\tls_base.obj
d:\github\dnp3\vstudio10\dnp3\debug\transportlayer.obj
d:\github\dnp3\vstudio10\dnp3\debug\transportrx.obj
d:\github\dnp3\vstudio10\dnp3\debug\transportstates.obj
d:\github\dnp3\vstudio10\dnp3\debug\transporttx.obj
d:\github\dnp3\vstudio10\dnp3\debug\asyncstackmanager.obj
d:\github\dnp3\vstudio10\dnp3\debug\istackobserver.obj
d:\github\dnp3\vstudio10\dnp3\debug\linkchannel.obj
d:\github\dnp3\vstudio10\dnp3\debug\stackmanager.obj
d:\github\dnp3\vstudio10\dnp3\debug\alwaysopeningvtorouter.obj
d:\github\dnp3\vstudio10\dnp3\debug\enhancedvto.obj
d:\github\dnp3\vstudio10\dnp3\debug\enhancedvtorouter.obj
d:\github\dnp3\vstudio10\dnp3\debug\vtodata.obj
d:\github\dnp3\vstudio10\dnp3\debug\vtoreader.obj
d:\github\dnp3\vstudio10\dnp3\debug\prilinklayerstates.obj
d:\github\dnp3\vstudio10\dnp3\debug\seclinklayerstates.obj
d:\github\dnp3\vstudio10\dnp3\debug\buffertypes.obj
d:\github\dnp3\vstudio10\dnp3\debug\classcounter.obj
d:\github\dnp3\vstudio10\dnp3\debug\database.obj
d:\github\dnp3\vstudio10\dnp3\debug\devicetemplate.obj
d:\github\dnp3\vstudio10\dnp3\debug\dnpcommandmaster.obj
d:\github\dnp3\vstudio10\dnp3\debug\pointclass.obj
d:\github\dnp3\vstudio10\dnp3\debug\responsecontext.obj
d:\github\dnp3\vstudio10\dnp3\debug\slave.obj
d:\github\dnp3\vstudio10\dnp3\debug\slaveconfig.obj
d:\github\dnp3\vstudio10\dnp3\debug\slaveeventbuffer.obj
d:\github\dnp3\vstudio10\dnp3\debug\slaveresponsetypes.obj
d:\github\dnp3\vstudio10\dnp3\debug\slavestates.obj
d:\github\dnp3\vstudio10\dnp3\debug\masterstack.obj
d:\github\dnp3\vstudio10\dnp3\debug\slavestack.obj
d:\github\dnp3\vstudio10\dnp3\debug\stack.obj
d:\github\dnp3\vstudio10\dnp3\debug\master.obj
d:\github\dnp3\vstudio10\dnp3\debug\masterschedule.obj
d:\github\dnp3\vstudio10\dnp3\debug\masterstates.obj
d:\github\dnp3\vstudio10\dnp3\debug\dnpcrc.obj
d:\github\dnp3\vstudio10\dnp3\debug\linkframe.obj
d:\github\dnp3\vstudio10\dnp3\debug\linkheader.obj
d:\github\dnp3\vstudio10\dnp3\debug\linklayer.obj
d:\github\dnp3\vstudio10\dnp3\debug\linklayerconstants.obj
d:\github\dnp3\vstudio10\dnp3\debug\linklayerreceiver.obj
d:\github\dnp3\vstudio10\dnp3\debug\linklayerrouter.obj
d:\github\dnp3\vstudio10\dnp3\debug\linkreceiverstates.obj
d:\github\dnp3\vstudio10\dnp3\debug\linkroute.obj
d:\github\dnp3\vstudio10\dnp3\debug\dnp3.lib
d:\github\dnp3\vstudio10\dnp3\debug\dnp3.tlog\cl.command.1.tlog
d:\github\dnp3\vstudio10\dnp3\debug\dnp3.tlog\cl.read.1.tlog
d:\github\dnp3\vstudio10\dnp3\debug\dnp3.tlog\cl.write.1.tlog
d:\github\dnp3\vstudio10\dnp3\debug\dnp3.tlog\lib-link.read.1.tlog
d:\github\dnp3\vstudio10\dnp3\debug\dnp3.tlog\lib-link.write.1.tlog
d:\github\dnp3\vstudio10\dnp3\debug\dnp3.tlog\lib.command.1.tlog
