D:\582\DNP3-MASTER\VSTUDIO10\MASTERDEMO\DEBUG\DEMOMAIN.OBJ
D:\582\DNP3-MASTER\VSTUDIO10\MASTERDEMO\DEBUG\MASTERDEMO.OBJ
D:\582\DNP3-MASTER\VSTUDIO10\MASTERDEMO\DEBUG\VC110.PDB
D:\582\DNP3-MASTER\VSTUDIO10\MASTERDEMO\DEBUG\MASTERDEMO.ILK
D:\582\DNP3-MASTER\VSTUDIO10\MASTERDEMO\DEBUG\MASTERDEMO.EXE
D:\582\DNP3-MASTER\VSTUDIO10\MASTERDEMO\DEBUG\MASTERDEMO.PDB
D:\582\dnp3-master\vstudio10\MasterDemo\Debug\DemoMain.obj
D:\582\dnp3-master\vstudio10\MasterDemo\Debug\MasterDemo.obj
D:\582\dnp3-master\vstudio10\MasterDemo\Debug\MasterDemo.ilk
D:\582\dnp3-master\vstudio10\MasterDemo\Debug\cl.command.1.tlog
D:\582\dnp3-master\vstudio10\MasterDemo\Debug\CL.read.1.tlog
D:\582\dnp3-master\vstudio10\MasterDemo\Debug\CL.write.1.tlog
D:\582\dnp3-master\vstudio10\MasterDemo\Debug\link-cvtres.read.1.tlog
D:\582\dnp3-master\vstudio10\MasterDemo\Debug\link-cvtres.write.1.tlog
D:\582\dnp3-master\vstudio10\MasterDemo\Debug\link-rc.read.1.tlog
D:\582\dnp3-master\vstudio10\MasterDemo\Debug\link-rc.write.1.tlog
D:\582\dnp3-master\vstudio10\MasterDemo\Debug\link.command.1.tlog
D:\582\dnp3-master\vstudio10\MasterDemo\Debug\link.read.1.tlog
D:\582\dnp3-master\vstudio10\MasterDemo\Debug\link.write.1.tlog
D:\582\dnp3-master\vstudio10\MasterDemo\Debug\vc110.idb
D:\582\dnp3-master\vstudio10\MasterDemo\Debug\MasterDemo.pdb
D:\582\dnp3-master\vstudio10\MasterDemo\Debug\vc110.pdb
D:\582\dnp3-master\vstudio10\MasterDemo\Debug\MasterDemo.exe
