  MasterDemo.cpp
  Please define _WIN32_WINNT or _WIN32_WINDOWS appropriately. For example:
  - add -D_WIN32_WINNT=0x0501 to the compiler command line; or
  - add _WIN32_WINNT=0x0501 to your project's Preprocessor Definitions.
  Assuming _WIN32_WINNT=0x0501 (i.e. Windows XP target).
  MasterDemo.vcxproj -> D:\GitHub\dnp3\vstudio10\MasterDemo\Debug\MasterDemo.exe
  MasterDemo.vcxproj -> MasterDemo\Debug\MasterDemo.pdb (Full PDB)
  D:\GitHub\dnp3\vstudio10\\..\windows\shared\boost_chrono-vc110-mt-gd-1_55.dll
  D:\GitHub\dnp3\vstudio10\\..\windows\shared\boost_chrono-vc140-mt-gd-1_64.dll
  D:\GitHub\dnp3\vstudio10\\..\windows\shared\boost_date_time-vc110-mt-gd-1_55.dll
  D:\GitHub\dnp3\vstudio10\\..\windows\shared\boost_date_time-vc140-mt-gd-1_64.dll
  D:\GitHub\dnp3\vstudio10\\..\windows\shared\boost_program_options-vc140-mt-gd-1_64.dll
  D:\GitHub\dnp3\vstudio10\\..\windows\shared\boost_system-vc110-mt-gd-1_55.dll
  D:\GitHub\dnp3\vstudio10\\..\windows\shared\boost_system-vc140-mt-gd-1_64.dll
  D:\GitHub\dnp3\vstudio10\\..\windows\shared\boost_thread-vc110-mt-gd-1_55.dll
  D:\GitHub\dnp3\vstudio10\\..\windows\shared\boost_thread-vc140-mt-gd-1_64.dll
  D:\GitHub\dnp3\vstudio10\\..\windows\shared\boost_unit_test_framework-vc140-mt-gd-1_64.dll
  D:\GitHub\dnp3\vstudio10\\..\windows\shared\DotNetAdapter.dll
  D:\GitHub\dnp3\vstudio10\\..\windows\shared\DotNetInterface.dll
         12 file(s) copied.
